19-01-2021 21:59 Creation of the OU Services
19-01-2021 21:59 The OU Consulting has been successfully created!
19-01-2021 21:59 Creation of the OU Direction under the OU Services
19-01-2021 21:59 the OU Direction has been successfully created !
19-01-2021 21:59 Creation of the OU Ressources Humaines under the OU Services
19-01-2021 21:59 the OU Ressources Humaines has been successfully created !
19-01-2021 21:59 Creation of the OU Comptabilité under the OU Services
19-01-2021 21:59 the OU Comptabilité has been successfully created !
19-01-2021 21:59 Creation of the OU Paye under the OU Services
19-01-2021 21:59 the OU Paye has been successfully created !
19-01-2021 21:59 Creation of the OU Informatique under the OU Services
19-01-2021 21:59 the OU Informatique has been successfully created !
19-01-2021 21:59 Creation of the OU Production
19-01-2021 21:59 The OU Informatique has been successfully created!
19-01-2021 21:59 Creation of the OU Usine under the OU Production
19-01-2021 21:59 the OU Usine has been successfully created !
19-01-2021 21:59 Creation of the OU Logistique under the OU Production
19-01-2021 21:59 the OU Logistique has been successfully created !
19-01-2021 21:59 Creation of the OU Méthodes under the OU Production
19-01-2021 21:59 the OU Méthodes has been successfully created !
19-01-2021 21:59 Creation of the OU Support under the OU Production
19-01-2021 21:59 the OU Support has been successfully created !
19-01-2021 21:59 Creation of the OU Recherche
19-01-2021 21:59 The OU Support has been successfully created!
19-01-2021 21:59 Creation of the OU Prospective under the OU Recherche
19-01-2021 21:59 the OU Prospective has been successfully created !
19-01-2021 21:59 Creation of the OU Développement under the OU Recherche
19-01-2021 21:59 the OU Développement has been successfully created !
19-01-2021 21:59 Creation of the OU Assurance Qualité under the OU Recherche
19-01-2021 21:59 the OU Assurance Qualité has been successfully created !
19-01-2021 21:59 Creation of the OU Ventes
19-01-2021 21:59 The OU Assurance Qualité has been successfully created!
19-01-2021 21:59 Creation of the OU Commercial under the OU Ventes
19-01-2021 21:59 the OU Commercial has been successfully created !
19-01-2021 21:59 Creation of the OU Avant-Vente under the OU Ventes
19-01-2021 21:59 the OU Avant-Vente has been successfully created !
19-01-2021 21:59 Creation of the OU Consulting under the OU Ventes
19-01-2021 21:59 the OU Consulting has been successfully created !
19-01-2021 21:59 19 OU were successfully created!
