19-01-2021 22:04 A problem occurred during the creation of the Universal Distribution G-Filiale-Mailing...
19-01-2021 22:04 The specified group already exists
19-01-2021 22:04 Users for the universal distribution group G-Filiale-Mailing have been added!
19-01-2021 22:04 A problem occurred during the creation of the Universal Distribution G-Managers-Mailing...
19-01-2021 22:04 The specified group already exists
19-01-2021 22:04 Users for the universal distribution group G-Managers-Mailing have been added!
19-01-2021 22:04 A problem occurred during the creation of the Universal Distribution G-Dirigeants-Mailing...
19-01-2021 22:04 The specified group already exists
19-01-2021 22:04 Users for the universal distribution group G-Dirigeants-Mailing have been added!
19-01-2021 22:04 The Universal Distribution G-Filiale-Mailing has been successfully created!
19-01-2021 22:04 Users matching the criteria will now be added
19-01-2021 22:04 Users for the universal distribution group G-Filiale-Mailing have been added!
19-01-2021 22:04 The Universal Distribution G-Managers-Mailing has been successfully created!
19-01-2021 22:04 Users matching the criteria will now be added
19-01-2021 22:04 Users for the universal distribution group G-Managers-Mailing have been added!
19-01-2021 22:04 The Universal Distribution G-Dirigeants-Mailing has been successfully created!
19-01-2021 22:04 Users matching the criteria will now be added
19-01-2021 22:04 Users for the universal distribution group G-Dirigeants-Mailing have been added!
19-01-2021 22:05 The Universal Distribution G-Filiale-Mailing has been successfully created!
19-01-2021 22:05 Users matching the criteria will now be added
19-01-2021 22:05 Users for the universal distribution group G-Filiale-Mailing have been successfully added!
19-01-2021 22:05 Users for the universal distribution group G-Filiale-Mailing have been successfully added!
19-01-2021 22:05 The Universal Distribution G-Managers-Mailing has been successfully created!
19-01-2021 22:05 Users matching the criteria will now be added
19-01-2021 22:05 Users for the universal distribution group G-Managers-Mailing have been successfully added!
19-01-2021 22:05 The Universal Distribution G-Dirigeants-Mailing has been successfully created!
19-01-2021 22:05 Users matching the criteria will now be added
19-01-2021 22:05 Users for the universal distribution group G-Dirigeants-Mailing have been successfully added!
