19-01-2021 22:00 the Fusberta Gilbert has been successfully created!
19-01-2021 22:00 the Charmaine Duclos has been successfully created!
19-01-2021 22:00 the Nicole Caron has been successfully created!
19-01-2021 22:00 the Dexter Garnier has been successfully created!
19-01-2021 22:00 the Joy Marier has been successfully created!
19-01-2021 22:00 the Antoinette Perreault has been successfully created!
19-01-2021 22:00 the Albracca Moquin has been successfully created!
19-01-2021 22:00 the edith Bureau has been successfully created!
19-01-2021 22:00 the Orson Hughes has been successfully created!
19-01-2021 22:00 the Ancelote Pomerleau has been successfully created!
19-01-2021 22:00 the Mireille Moquin has been successfully created!
19-01-2021 22:00 the Agate Chnadonnet has been successfully created!
19-01-2021 22:00 the Legget Perreault has been successfully created!
19-01-2021 22:00 the Fabien Henrichon has been successfully created!
19-01-2021 22:00 the Latimer Brousse has been successfully created!
19-01-2021 22:00 the Juliette Hughes has been successfully created!
19-01-2021 22:00 the Seymour Poulin has been successfully created!
19-01-2021 22:00 the Jacqueline Lanoie has been successfully created!
19-01-2021 22:00 the Romain Boisclair has been successfully created!
19-01-2021 22:00 the Trinette Fecteau has been successfully created!
19-01-2021 22:00 the Courtland Coupart has been successfully created!
19-01-2021 22:00 the Brice Rochon has been successfully created!
19-01-2021 22:00 the Albertine Cote has been successfully created!
19-01-2021 22:00 the Beaufort Lesperance has been successfully created!
19-01-2021 22:00 the Cecile Laramee has been successfully created!
19-01-2021 22:00 the Alita Labrecque has been successfully created!
19-01-2021 22:00 the Maurice Mouet has been successfully created!
19-01-2021 22:00 the Jay Ricard has been successfully created!
19-01-2021 22:00 the Aubert Fluet has been successfully created!
19-01-2021 22:00 the Armina Ruest has been successfully created!
19-01-2021 22:00 the Leone Dubeau has been successfully created!
19-01-2021 22:00 the Jay Desnoyers has been successfully created!
19-01-2021 22:00 the Theodore Carignan has been successfully created!
19-01-2021 22:00 the Arno Deschamps has been successfully created!
19-01-2021 22:00 the Vivienne Lalonde has been successfully created!
19-01-2021 22:00 the Tabor Berger has been successfully created!
19-01-2021 22:00 36 user accounts out of a total of 36 have been created without any problems!
