19-01-2021 22:00 The security group has been successfully created and users in the OU have been added.
19-01-2021 22:00 The security group has been successfully created and users in the OU have been added.
19-01-2021 22:00 The security group has been successfully created and users in the OU have been added.
19-01-2021 22:00 The security group has been successfully created and users in the OU have been added.
19-01-2021 22:00 The security group has been successfully created and users in the OU have been added.
19-01-2021 22:00 The security group has been successfully created and users in the OU have been added.
19-01-2021 22:00 The security group has been successfully created and users in the OU have been added.
19-01-2021 22:00 The security group has been successfully created and users in the OU have been added.
19-01-2021 22:00 The security group has been successfully created and users in the OU have been added.
19-01-2021 22:00 The security group has been successfully created and users in the OU have been added.
19-01-2021 22:00 The security group has been successfully created and users in the OU have been added.
19-01-2021 22:00 The security group has been successfully created and users in the OU have been added.
19-01-2021 22:00 The security group has been successfully created and users in the OU have been added.
19-01-2021 22:00 The security group has been successfully created and users in the OU have been added.
19-01-2021 22:00 The security group has been successfully created and users in the OU have been added.
19-01-2021 22:00 The security group has been successfully created and users in the OU have been added.
19-01-2021 22:00 The security group has been successfully created and users in the OU have been added.
19-01-2021 22:00 The security group has been successfully created and users in the OU have been added.
19-01-2021 22:00 The security group has been successfully created and users in the OU have been added.
19-01-2021 22:01 The security group G-Services has been successfully created and users in the OU have been added.
19-01-2021 22:01 The security group has been successfully created and users in the OU have been added.
19-01-2021 22:01 The security group has been successfully created and users in the OU have been added.
19-01-2021 22:01 The security group has been successfully created and users in the OU have been added.
19-01-2021 22:01 The security group has been successfully created and users in the OU have been added.
19-01-2021 22:01 The security group has been successfully created and users in the OU have been added.
19-01-2021 22:01 The security group G-Production has been successfully created and users in the OU have been added.
19-01-2021 22:01 The security group has been successfully created and users in the OU have been added.
19-01-2021 22:01 The security group has been successfully created and users in the OU have been added.
19-01-2021 22:01 The security group has been successfully created and users in the OU have been added.
19-01-2021 22:01 The security group has been successfully created and users in the OU have been added.
19-01-2021 22:01 The security group G-Recherche has been successfully created and users in the OU have been added.
19-01-2021 22:01 The security group has been successfully created and users in the OU have been added.
19-01-2021 22:01 The security group has been successfully created and users in the OU have been added.
19-01-2021 22:01 The security group has been successfully created and users in the OU have been added.
19-01-2021 22:01 The security group G-Ventes has been successfully created and users in the OU have been added.
19-01-2021 22:01 The security group has been successfully created and users in the OU have been added.
19-01-2021 22:01 The security group has been successfully created and users in the OU have been added.
19-01-2021 22:01 The security group has been successfully created and users in the OU have been added.
19-01-2021 22:01 The security group G-Services has been successfully created and users in the OU have been added.
19-01-2021 22:01 The security group G-Direction has been successfully created and users in the OU have been added.
19-01-2021 22:01 The security group G-Ressources Humaines has been successfully created and users in the OU have been added.
19-01-2021 22:01 The security group G-Comptabilité has been successfully created and users in the OU have been added.
19-01-2021 22:01 The security group G-Paye has been successfully created and users in the OU have been added.
19-01-2021 22:01 The security group G-Informatique has been successfully created and users in the OU have been added.
19-01-2021 22:01 The security group G-Production has been successfully created and users in the OU have been added.
19-01-2021 22:01 The security group G-Usine has been successfully created and users in the OU have been added.
19-01-2021 22:01 The security group G-Logistique has been successfully created and users in the OU have been added.
19-01-2021 22:01 The security group G-Méthodes has been successfully created and users in the OU have been added.
19-01-2021 22:01 The security group G-Support has been successfully created and users in the OU have been added.
19-01-2021 22:01 The security group G-Recherche has been successfully created and users in the OU have been added.
19-01-2021 22:01 The security group G-Prospective has been successfully created and users in the OU have been added.
19-01-2021 22:01 The security group G-Développement has been successfully created and users in the OU have been added.
19-01-2021 22:01 The security group G-Assurance Qualité has been successfully created and users in the OU have been added.
19-01-2021 22:01 The security group G-Ventes has been successfully created and users in the OU have been added.
19-01-2021 22:01 The security group G-Commercial has been successfully created and users in the OU have been added.
19-01-2021 22:01 The security group G-Avant-Vente has been successfully created and users in the OU have been added.
19-01-2021 22:01 The security group G-Consulting has been successfully created and users in the OU have been added.
